
> argon-dashboard-react@1.0.0 start /root/argon-dashboard-react
> react-scripts start

Starting the development server...

Compiled with warnings.

./src/views/examples/Login.jsx
  Line 145:  The href attribute requires a valid value to be accessible. Provide a valid, navigable address as the href value. If you cannot provide a valid href, but still need the element to resemble a link, use a button and change it with appropriate styles. Learn more: https://github.com/evcohen/eslint-plugin-jsx-a11y/blob/master/docs/rules/anchor-is-valid.md  jsx-a11y/anchor-is-valid

./src/components/Election/Election.jsx
  Line 14:    'Icon' is defined but never used                                                                                                                                                                                                                                                                                                                                  no-unused-vars
  Line 14:    'Image' is defined but never used                                                                                                                                                                                                                                                                                                                                 no-unused-vars
  Line 18:    'PricingDetail' is defined but never used                                                                                                                                                                                                                                                                                                                         no-unused-vars
  Line 20:     'ExampleComponent' is defined but never used                                                                                                                                                                                                                                                                                                                      no-unused-vars
  Line 21:     'VoteScreen' is defined but never used                                                                                                                                                                                                                                                                                                                            no-unused-vars
  Line 101:   The href attribute requires a valid value to be accessible. Provide a valid, navigable address as the href value. If you cannot provide a valid href, but still need the element to resemble a link, use a button and change it with appropriate styles. Learn more: https://github.com/evcohen/eslint-plugin-jsx-a11y/blob/master/docs/rules/anchor-is-valid.md  jsx-a11y/anchor-is-valid
  Line 101:  img elements must have an alt prop, either with meaningful text, or an empty string for decorative images                                                                                                                                                                                                                                                         jsx-a11y/alt-text

./src/views/Index.jsx
  Line 19:  'classnames' is defined but never used                 no-unused-vars
  Line 41:  'Alert' is defined but never used                      no-unused-vars
  Line 57:  'announcmentStyle' is assigned a value but never used  no-unused-vars

./src/components/Headers/UserHeader.jsx
  Line 20:   'Button' is defined but never used           no-unused-vars
  Line 31:   Unexpected string concatenation of literals  no-useless-concat
  Line 31:  Unexpected string concatenation of literals  no-useless-concat

./src/components/Mentor/MentorDetails.jsx
  Line 20:   'Icon' is defined but never used                                                                                                                                                                                                                                                                                                                                         no-unused-vars
  Line 241:  The href attribute is required for an anchor to be keyboard accessible. Provide a valid, navigable address as the href value. If you cannot provide an href, but still need the element to resemble a link, use a button and change it with appropriate styles. Learn more: https://github.com/evcohen/eslint-plugin-jsx-a11y/blob/master/docs/rules/anchor-is-valid.md  jsx-a11y/anchor-is-valid
  Line 243:  The href attribute is required for an anchor to be keyboard accessible. Provide a valid, navigable address as the href value. If you cannot provide an href, but still need the element to resemble a link, use a button and change it with appropriate styles. Learn more: https://github.com/evcohen/eslint-plugin-jsx-a11y/blob/master/docs/rules/anchor-is-valid.md  jsx-a11y/anchor-is-valid

./src/components/Headers/Header.jsx
  Line 21:  'Card' is defined but never used       no-unused-vars
  Line 21:  'CardBody' is defined but never used   no-unused-vars
  Line 21:  'CardTitle' is defined but never used  no-unused-vars
  Line 21:  'Row' is defined but never used        no-unused-vars
  Line 21:  'Col' is defined but never used        no-unused-vars
  Line 21:  'Alert' is defined but never used      no-unused-vars

./src/views/examples/Tables.jsx
  Line 280:  The href attribute is required for an anchor to be keyboard accessible. Provide a valid, navigable address as the href value. If you cannot provide an href, but still need the element to resemble a link, use a button and change it with appropriate styles. Learn more: https://github.com/evcohen/eslint-plugin-jsx-a11y/blob/master/docs/rules/anchor-is-valid.md  jsx-a11y/anchor-is-valid
  Line 286:  The href attribute is required for an anchor to be keyboard accessible. Provide a valid, navigable address as the href value. If you cannot provide an href, but still need the element to resemble a link, use a button and change it with appropriate styles. Learn more: https://github.com/evcohen/eslint-plugin-jsx-a11y/blob/master/docs/rules/anchor-is-valid.md  jsx-a11y/anchor-is-valid

./src/views/examples/Register.jsx
  Line 32:  'Row' is defined but never used  no-unused-vars

./src/components/Election/voteScreen.jsx
  Line 5:     Useless constructor                                                                                                                                                                                                                                                                                                                                               no-useless-constructor
  Line 13:   The href attribute requires a valid value to be accessible. Provide a valid, navigable address as the href value. If you cannot provide a valid href, but still need the element to resemble a link, use a button and change it with appropriate styles. Learn more: https://github.com/evcohen/eslint-plugin-jsx-a11y/blob/master/docs/rules/anchor-is-valid.md  jsx-a11y/anchor-is-valid
  Line 13:  img elements must have an alt prop, either with meaningful text, or an empty string for decorative images                                                                                                                                                                                                                                                         jsx-a11y/alt-text

./src/components/LunchMenu/LunchMenu.jsx
  Line 8:    'Button' is defined but never used                                                                         no-unused-vars
  Line 11:  'Header1' is defined but never used                                                                        no-unused-vars
  Line 11:  'Icon' is defined but never used                                                                           no-unused-vars
  Line 11:  'Image' is defined but never used                                                                          no-unused-vars
  Line 11:  'Modal' is defined but never used                                                                          no-unused-vars
  Line 55:  img elements must have an alt prop, either with meaningful text, or an empty string for decorative images  jsx-a11y/alt-text
  Line 60:  img elements must have an alt prop, either with meaningful text, or an empty string for decorative images  jsx-a11y/alt-text
  Line 65:  img elements must have an alt prop, either with meaningful text, or an empty string for decorative images  jsx-a11y/alt-text

Search for the keywords to learn more about each warning.
To ignore, add // eslint-disable-next-line to the line before.

